%!Adobe-FontList 1.24
%Locale:0x409

%BeginFont
Handler:DirectoryHandler
FontType:Invalid
OutlineFileName:/Users/troykyo/Github/dssloopholes.github.io/assets/Card Generator Folder/Document fonts/AdobeFnt24.lst
FileLength:1707
FileModTime:741545175
%EndFont

%BeginFont
Handler:DirectoryHandler
FontType:TrueType
FontName:OpenSans-Bold
FamilyName:Open Sans
StyleName:Bold
MenuName:Open Sans
StyleBits:2
WeightClass:700
WidthClass:5
AngleClass:0
FullName:Open Sans Bold
WritingScript:Roman
OutlineFileName:/Users/troykyo/Github/dssloopholes.github.io/assets/Card Generator Folder/Document fonts/OpenSans-Bold.ttf
DataFormat:sfntData
hasSVG:no
hasSBIX:no
hasCOLR:no
VariableFontType:NonVariableFont
FileLength:130860
FileModTime:724282582
NameArray:0,Win,1,Open Sans
%EndFont

%BeginFont
Handler:DirectoryHandler
FontType:TrueType
FontName:OpenSans-SemiBold
FamilyName:Open Sans
StyleName:SemiBold
MenuName:Open Sans SemiBold
StyleBits:0
WeightClass:600
WidthClass:5
AngleClass:0
FullName:Open Sans SemiBold
WritingScript:Roman
OutlineFileName:/Users/troykyo/Github/dssloopholes.github.io/assets/Card Generator Folder/Document fonts/OpenSans-SemiBold.ttf
DataFormat:sfntData
hasSVG:no
hasSBIX:no
hasCOLR:no
VariableFontType:NonVariableFont
FileLength:130760
FileModTime:724282582
NameArray:0,Win,1,Open Sans SemiBold
NameArray:0,Win,16,Open Sans
%EndFont

%BeginFont
Handler:DirectoryHandler
FontType:TrueType
FontName:OpenSans-Regular
FamilyName:Open Sans
StyleName:Regular
MenuName:Open Sans
FamilyPrefix:OpenSansRoman
StyleBits:0
WeightClass:400
WidthClass:5
AngleClass:0
FullName:Open Sans Regular
WritingScript:Roman
OutlineFileName:/Users/troykyo/Github/dssloopholes.github.io/assets/Card Generator Folder/Document fonts/OpenSans-VariableFont_wdth,wght.ttf
DataFormat:sfntData
hasSVG:no
hasSBIX:no
hasCOLR:no
VariableFontType:TrueTypeVariableFont
FileLength:529700
FileModTime:724282582
NameArray:0,Win,1,Open Sans
%EndFont

